<?xml version="1.0" encoding="UTF-8"?>
<testsuite xmlns:xsi="http://www.w3.org/2001/XMLSchema-instance" xsi:noNamespaceSchemaLocation="https://maven.apache.org/surefire/maven-surefire-plugin/xsd/surefire-test-report.xsd" name="TestSuite" time="202.04" tests="2" errors="0" skipped="0" failures="1">
  <properties>
[...]
</properties>
  <testcase name="feature" classname="com.webdriveruniversity.CucumberFramework.mainRunner.RunnerClassContacUsSteps" time="43.057">
    <failure message="org.openqa.selenium.NoSuchElementException: no such element: Unable to locate element: {&quot;method&quot;:&quot;css selector&quot;,&quot;selector&quot;:&quot;#contact_reply&quot;}&#10;  (Session info: chrome=79.0.3945.117)&#10;For documentation on this error, please visit: http://seleniumhq.org/exceptions/no_such_element.html&#10;Build info: version: &apos;3.6.0&apos;, revision: &apos;6fbf3ec767&apos;, time: &apos;2017-09-27T15:28:36.4Z&apos;&#10;System info: host: &apos;ARDENT-PC&apos;, ip: &apos;192.168.56.1&apos;, os.name: &apos;Windows 8.1&apos;, os.arch: &apos;amd64&apos;, os.version: &apos;6.3&apos;, java.version: &apos;1.8.0_131&apos;&#10;Driver info: org.openqa.selenium.chrome.ChromeDriver&#10;Capabilities [{networkConnectionEnabled=false, chrome={chromedriverVersion=79.0.3945.36 (3582db32b33893869b8c1339e8f4d9ed1816f143-refs/branch-heads/3945@{#614}), userDataDir=C:\Users\JEROME~1\AppData\Local\Temp\scoped_dir8392_843824983}, timeouts={implicit=0, pageLoad=300000, script=30000}, pageLoadStrategy=normal, unhandledPromptBehavior=dismiss and notify, strictFileInteractability=false, platform=WINDOWS, proxy=Proxy(), goog:chromeOptions={debuggerAddress=localhost:53071}, acceptInsecureCerts=false, browserVersion=79.0.3945.117, browserName=chrome, javascriptEnabled=true, platformName=WINDOWS, setWindowRect=true}]&#10;Session ID: a40f2278c2a6e40acf78e6b3acc5e9e4&#10;*** Element info: {Using=id, value=contact_reply}" type="cucumber.runtime.CucumberException">cucumber.runtime.CucumberException: 
org.openqa.selenium.NoSuchElementException: no such element: Unable to locate element: {"method":"css selector","selector":"#contact_reply"}
  (Session info: chrome=79.0.3945.117)
For documentation on this error, please visit: http://seleniumhq.org/exceptions/no_such_element.html
Build info: version: '3.6.0', revision: '6fbf3ec767', time: '2017-09-27T15:28:36.4Z'
System info: host: 'ARDENT-PC', ip: '192.168.56.1', os.name: 'Windows 8.1', os.arch: 'amd64', os.version: '6.3', java.version: '1.8.0_131'
Driver info: org.openqa.selenium.chrome.ChromeDriver
Capabilities [{networkConnectionEnabled=false, chrome={chromedriverVersion=79.0.3945.36 (3582db32b33893869b8c1339e8f4d9ed1816f143-refs/branch-heads/3945@{#614}), userDataDir=C:\Users\JEROME~1\AppData\Local\Temp\scoped_dir8392_843824983}, timeouts={implicit=0, pageLoad=300000, script=30000}, pageLoadStrategy=normal, unhandledPromptBehavior=dismiss and notify, strictFileInteractability=false, platform=WINDOWS, proxy=Proxy(), goog:chromeOptions={debuggerAddress=localhost:53071}, acceptInsecureCerts=false, browserVersion=79.0.3945.117, browserName=chrome, javascriptEnabled=true, platformName=WINDOWS, setWindowRect=true}]
Session ID: a40f2278c2a6e40acf78e6b3acc5e9e4
*** Element info: {Using=id, value=contact_reply}
Caused by: org.openqa.selenium.NoSuchElementException: 
no such element: Unable to locate element: {"method":"css selector","selector":"#contact_reply"}
  (Session info: chrome=79.0.3945.117)
For documentation on this error, please visit: http://seleniumhq.org/exceptions/no_such_element.html
Build info: version: '3.6.0', revision: '6fbf3ec767', time: '2017-09-27T15:28:36.4Z'
System info: host: 'ARDENT-PC', ip: '192.168.56.1', os.name: 'Windows 8.1', os.arch: 'amd64', os.version: '6.3', java.version: '1.8.0_131'
Driver info: org.openqa.selenium.chrome.ChromeDriver
Capabilities [{networkConnectionEnabled=false, chrome={chromedriverVersion=79.0.3945.36 (3582db32b33893869b8c1339e8f4d9ed1816f143-refs/branch-heads/3945@{#614}), userDataDir=C:\Users\JEROME~1\AppData\Local\Temp\scoped_dir8392_843824983}, timeouts={implicit=0, pageLoad=300000, script=30000}, pageLoadStrategy=normal, unhandledPromptBehavior=dismiss and notify, strictFileInteractability=false, platform=WINDOWS, proxy=Proxy(), goog:chromeOptions={debuggerAddress=localhost:53071}, acceptInsecureCerts=false, browserVersion=79.0.3945.117, browserName=chrome, javascriptEnabled=true, platformName=WINDOWS, setWindowRect=true}]
Session ID: a40f2278c2a6e40acf78e6b3acc5e9e4
*** Element info: {Using=id, value=contact_reply}
</failure>
    <system-out><![CDATA[@contactUs
Feature: Checking the Contact Us form in WebdriverUniversity.com
CDwindow-D8AEB2D94F9172996E6EE2F86E4B19B5
CDwindow-D55CAC5B1D863729AA19226C1BDCF163
User enter a valid First Name
User enter a valid Last Name
User enter a valid email address
User enter a valid comments
ContactUs Test Done

  Scenario: Submit valid information in Contact Us Form # ContactUs.feature:4
    Given User access the WebdriverUniversity.com       # ContactUs.user_access_the_WebdriverUniversity_com()
    When User click the ContactUs Link                  # ContactUs.user_click_the_ContactUs_Link()
    And User enter a valid First Name                   # ContactUs.user_enter_a_valid_First_Name()
    And User enter a valid Last Name                    # ContactUs.user_enter_a_valid_Last_Name()
    And User enter a valid Email Aaddress               # ContactUs.user_enter_a_valid_Email_Aaddress()
    And User enter a valid Comment                      # ContactUs.user_enter_a_valid_Comment(DataTable)
    When User click the Submit Button                   # ContactUs.user_click_the_Submit_Button()
    And Successful validation will show                 # ContactUs.successful_validation_will_show()
      org.openqa.selenium.NoSuchElementException: no such element: Unable to locate element: {"method":"css selector","selector":"#contact_reply"}
        (Session info: chrome=79.0.3945.117)
      For documentation on this error, please visit: http://seleniumhq.org/exceptions/no_such_element.html
      Build info: version: '3.6.0', revision: '6fbf3ec767', time: '2017-09-27T15:28:36.4Z'
      System info: host: 'ARDENT-PC', ip: '192.168.56.1', os.name: 'Windows 8.1', os.arch: 'amd64', os.version: '6.3', java.version: '1.8.0_131'
      Driver info: org.openqa.selenium.chrome.ChromeDriver
      Capabilities [{networkConnectionEnabled=false, chrome={chromedriverVersion=79.0.3945.36 (3582db32b33893869b8c1339e8f4d9ed1816f143-refs/branch-heads/3945@{#614}), userDataDir=C:\Users\JEROME~1\AppData\Local\Temp\scoped_dir8392_843824983}, timeouts={implicit=0, pageLoad=300000, script=30000}, pageLoadStrategy=normal, unhandledPromptBehavior=dismiss and notify, strictFileInteractability=false, platform=WINDOWS, proxy=Proxy(), goog:chromeOptions={debuggerAddress=localhost:53071}, acceptInsecureCerts=false, browserVersion=79.0.3945.117, browserName=chrome, javascriptEnabled=true, platformName=WINDOWS, setWindowRect=true}]
      Session ID: a40f2278c2a6e40acf78e6b3acc5e9e4
      *** Element info: {Using=id, value=contact_reply}
      	at sun.reflect.NativeConstructorAccessorImpl.newInstance0(Native Method)
      	at sun.reflect.NativeConstructorAccessorImpl.newInstance(NativeConstructorAccessorImpl.java:62)
      	at sun.reflect.DelegatingConstructorAccessorImpl.newInstance(DelegatingConstructorAccessorImpl.java:45)
      	at java.lang.reflect.Constructor.newInstance(Constructor.java:423)
      	at org.openqa.selenium.remote.http.W3CHttpResponseCodec.createException(W3CHttpResponseCodec.java:185)
      	at org.openqa.selenium.remote.http.W3CHttpResponseCodec.decode(W3CHttpResponseCodec.java:120)
      	at org.openqa.selenium.remote.http.W3CHttpResponseCodec.decode(W3CHttpResponseCodec.java:49)
      	at org.openqa.selenium.remote.HttpCommandExecutor.execute(HttpCommandExecutor.java:164)
      	at org.openqa.selenium.remote.service.DriverCommandExecutor.execute(DriverCommandExecutor.java:83)
      	at org.openqa.selenium.remote.RemoteWebDriver.execute(RemoteWebDriver.java:586)
      	at org.openqa.selenium.remote.RemoteWebDriver.findElement(RemoteWebDriver.java:356)
      	at org.openqa.selenium.remote.RemoteWebDriver.findElementById(RemoteWebDriver.java:402)
      	at org.openqa.selenium.By$ById.findElement(By.java:218)
      	at org.openqa.selenium.remote.RemoteWebDriver.findElement(RemoteWebDriver.java:348)
      	at com.webdriveruniversity.CucumberFramework.testSteps.ContactUs.successful_validation_will_show(ContactUs.java:122)
      	at ?.And Successful validation will show(ContactUs.feature:14)

]]></system-out>
    <system-err><![CDATA[Starting ChromeDriver 79.0.3945.36 (3582db32b33893869b8c1339e8f4d9ed1816f143-refs/branch-heads/3945@{#614}) on port 3074
Only local connections are allowed.
Please protect ports used by ChromeDriver and related test frameworks to prevent access by malicious code.
Jan 11, 2020 12:03:12 PM org.openqa.selenium.remote.ProtocolHandshake createSession
INFO: Detected dialect: W3C
]]></system-err>
  </testcase>
  <testcase name="feature" classname="com.webdriveruniversity.CucumberFramework.mainRunner.RunnerClassPOMSteps" time="138.251"/>
</testsuite>