<?xml version="1.0" encoding="UTF-8"?>
<!-- Generated by org.testng.reporters.JUnitXMLReporter -->
<testsuite hostname="ARDENT-PC" name="Test" tests="2" failures="0" timestamp="12 Jan 2020 03:05:22 GMT" time="207.565" errors="0">
  <testcase name="feature" time="58.793" classname="com.webdriveruniversity.CucumberFramework.mainRunner.RunnerClassContacUsSteps"/>
  <testcase name="feature" time="141.286" classname="com.webdriveruniversity.CucumberFramework.mainRunner.RunnerClassPOMSteps"/>
</testsuite> <!-- Test -->
