<?xml version="1.0" encoding="UTF-8"?>
<!-- Generated by org.testng.reporters.JUnitXMLReporter -->
<testsuite hostname="ARDENT-PC" name="Test" tests="4" failures="0" timestamp="7 Feb 2020 05:37:44 GMT" time="184.812" errors="0">
  <testcase name="newMethod" time="0.001" classname="com.SeleniumBasics.Practice.PracticeSelenium.AutomationPractice1.PracticeAutomation1"/>
  <testcase name="testAutomation1" time="17.656" classname="com.SeleniumBasics.Practice.PracticeSelenium.AutomationPractice1.PracticeAutomation1"/>
  <testcase name="automationTest" time="104.821" classname="com.SeleniumBasics.Practice.PracticeSelenium.AutomationPractice1.PracticeAutomation2"/>
  <testcase name="newMethod1" time="0.001" classname="com.SeleniumBasics.Practice.PracticeSelenium.AutomationPractice1.PracticeAutomation2"/>
</testsuite> <!-- Test -->
