<?xml version="1.0" encoding="UTF-8"?>
<testsuite xmlns:xsi="http://www.w3.org/2001/XMLSchema-instance" xsi:noNamespaceSchemaLocation="https://maven.apache.org/surefire/maven-surefire-plugin/xsd/surefire-test-report-3.0.xsd" version="3.0" name="TestSuite" time="192.778" tests="4" errors="0" skipped="0" failures="0">
  <properties>
[...]
</properties>
  <testcase name="newMethod" classname="com.SeleniumBasics.Practice.PracticeSelenium.AutomationPractice1.PracticeAutomation1" time="0.14"/>
  <testcase name="testAutomation1" classname="com.SeleniumBasics.Practice.PracticeSelenium.AutomationPractice1.PracticeAutomation1" time="17.516"/>
  <testcase name="automationTest" classname="com.SeleniumBasics.Practice.PracticeSelenium.AutomationPractice1.PracticeAutomation2" time="104.824"/>
  <testcase name="newMethod1" classname="com.SeleniumBasics.Practice.PracticeSelenium.AutomationPractice1.PracticeAutomation2" time="0.002"/>
</testsuite>