<?xml version="1.0" encoding="UTF-8"?>
<testng-results skipped="0" failed="0" total="2" passed="2">
  <reporter-output>
  </reporter-output>
  <suite name="Suite" duration-ms="207565" started-at="2020-01-12T03:01:54Z" finished-at="2020-01-12T03:05:21Z">
    <groups>
      <group name="cucumber">
        <method signature="AbstractTestNGCucumberTests.feature(cucumber.api.testng.CucumberFeatureWrapper)[pri:0, instance:com.webdriveruniversity.CucumberFramework.mainRunner.RunnerClassContacUsSteps@5cb9f472]" name="feature" class="cucumber.api.testng.AbstractTestNGCucumberTests"/>
        <method signature="AbstractTestNGCucumberTests.feature(cucumber.api.testng.CucumberFeatureWrapper)[pri:0, instance:com.webdriveruniversity.CucumberFramework.mainRunner.RunnerClassPOMSteps@cb644e]" name="feature" class="cucumber.api.testng.AbstractTestNGCucumberTests"/>
      </group> <!-- cucumber -->
    </groups>
    <test name="Test" duration-ms="207565" started-at="2020-01-12T03:01:54Z" finished-at="2020-01-12T03:05:21Z">
      <class name="com.webdriveruniversity.CucumberFramework.mainRunner.RunnerClassContacUsSteps">
        <test-method status="PASS" signature="setUpClass()[pri:0, instance:com.webdriveruniversity.CucumberFramework.mainRunner.RunnerClassContacUsSteps@5cb9f472]" name="setUpClass" is-config="true" duration-ms="446" started-at="2020-01-12T11:01:54Z" finished-at="2020-01-12T11:01:54Z">
          <reporter-output>
          </reporter-output>
        </test-method> <!-- setUpClass -->
        <test-method status="PASS" signature="feature(cucumber.api.testng.CucumberFeatureWrapper)[pri:0, instance:com.webdriveruniversity.CucumberFramework.mainRunner.RunnerClassContacUsSteps@5cb9f472]" name="feature" duration-ms="58793" started-at="2020-01-12T11:01:55Z" description="Runs Cucumber Feature" data-provider="features" finished-at="2020-01-12T11:02:53Z">
          <params>
            <param index="0">
              <value>
                <![CDATA[Checking the Contact Us form in WebdriverUniversity.com]]>
              </value>
            </param>
          </params>
          <reporter-output>
          </reporter-output>
        </test-method> <!-- feature -->
        <test-method status="PASS" signature="tearDownClass()[pri:0, instance:com.webdriveruniversity.CucumberFramework.mainRunner.RunnerClassContacUsSteps@5cb9f472]" name="tearDownClass" is-config="true" duration-ms="6286" started-at="2020-01-12T11:02:53Z" finished-at="2020-01-12T11:03:00Z">
          <reporter-output>
          </reporter-output>
        </test-method> <!-- tearDownClass -->
      </class> <!-- com.webdriveruniversity.CucumberFramework.mainRunner.RunnerClassContacUsSteps -->
      <class name="com.webdriveruniversity.CucumberFramework.mainRunner.RunnerClassPOMSteps">
        <test-method status="PASS" signature="setUpClass()[pri:0, instance:com.webdriveruniversity.CucumberFramework.mainRunner.RunnerClassPOMSteps@cb644e]" name="setUpClass" is-config="true" duration-ms="26" started-at="2020-01-12T11:03:00Z" finished-at="2020-01-12T11:03:00Z">
          <reporter-output>
          </reporter-output>
        </test-method> <!-- setUpClass -->
        <test-method status="PASS" signature="feature(cucumber.api.testng.CucumberFeatureWrapper)[pri:0, instance:com.webdriveruniversity.CucumberFramework.mainRunner.RunnerClassPOMSteps@cb644e]" name="feature" duration-ms="141286" started-at="2020-01-12T11:03:00Z" description="Runs Cucumber Feature" data-provider="features" finished-at="2020-01-12T11:05:21Z">
          <params>
            <param index="0">
              <value>
                <![CDATA[Check the Page Object Model Link in WebDriverUniversity Web Page]]>
              </value>
            </param>
          </params>
          <reporter-output>
          </reporter-output>
        </test-method> <!-- feature -->
        <test-method status="PASS" signature="tearDownClass()[pri:0, instance:com.webdriveruniversity.CucumberFramework.mainRunner.RunnerClassPOMSteps@cb644e]" name="tearDownClass" is-config="true" duration-ms="435" started-at="2020-01-12T11:05:21Z" finished-at="2020-01-12T11:05:21Z">
          <reporter-output>
          </reporter-output>
        </test-method> <!-- tearDownClass -->
      </class> <!-- com.webdriveruniversity.CucumberFramework.mainRunner.RunnerClassPOMSteps -->
    </test> <!-- Test -->
  </suite> <!-- Suite -->
</testng-results>
